Arguments: 
  /usr/local/bin/node /usr/bin/yarn global uninstall create-react-app

PATH: 
  /home/pavel/bin:/home/pavel/.local/bin:/usr/local/sbin:/usr/local/bin:/usr/sbin:/usr/bin:/sbin:/bin:/usr/games:/usr/local/games:/home/pavel/.dotnet/tools:/usr/lib/jvm/java-8-oracle/bin:/usr/lib/jvm/java-8-oracle/db/bin:/usr/lib/jvm/java-8-oracle/jre/bin

Yarn version: 
  1.5.1

Node version: 
  10.6.0

Platform: 
  linux x64

npm manifest: 
  No manifest

yarn manifest: 
  No manifest

Lockfile: 
  No lockfile

Trace: 
  Error: Invalid subcommand. Try "add, bin, dir, ls, list, remove, upgrade, upgrade-interactive"
      at new MessageError (/usr/lib/node_modules/yarn/lib/cli.js:186:110)
      at Object.<anonymous> (/usr/lib/node_modules/yarn/lib/cli.js:30362:59)
      at Generator.next (<anonymous>)
      at step (/usr/lib/node_modules/yarn/lib/cli.js:98:30)
      at /usr/lib/node_modules/yarn/lib/cli.js:116:14
      at new Promise (<anonymous>)
      at new F (/usr/lib/node_modules/yarn/lib/cli.js:23451:28)
      at Object.<anonymous> (/usr/lib/node_modules/yarn/lib/cli.js:95:12)
      at Object.run (/usr/lib/node_modules/yarn/lib/cli.js:30366:19)
      at run (/usr/lib/node_modules/yarn/lib/cli.js:89113:20)
